{"/Users/songxiaopeng/Desktop/web/third-lib/react-test-demo/src/components/button/index.tsx": {"path":"/Users/songxiaopeng/Desktop/web/third-lib/react-test-demo/src/components/button/index.tsx","all":false,"statementMap":{"0":{"start":{"line":1,"column":0},"end":{"line":1,"column":26}},"1":{"start":{"line":2,"column":0},"end":{"line":2,"column":44}},"2":{"start":{"line":3,"column":0},"end":{"line":3,"column":0}},"3":{"start":{"line":4,"column":0},"end":{"line":4,"column":20}},"4":{"start":{"line":5,"column":0},"end":{"line":5,"column":29}},"5":{"start":{"line":6,"column":0},"end":{"line":6,"column":20}},"6":{"start":{"line":7,"column":0},"end":{"line":7,"column":21}},"7":{"start":{"line":8,"column":0},"end":{"line":8,"column":16}},"8":{"start":{"line":9,"column":0},"end":{"line":9,"column":23}},"9":{"start":{"line":10,"column":0},"end":{"line":10,"column":19}},"10":{"start":{"line":11,"column":0},"end":{"line":11,"column":2}},"11":{"start":{"line":12,"column":0},"end":{"line":12,"column":0}},"12":{"start":{"line":13,"column":0},"end":{"line":13,"column":40}},"13":{"start":{"line":14,"column":0},"end":{"line":14,"column":11}},"14":{"start":{"line":15,"column":0},"end":{"line":15,"column":10}},"15":{"start":{"line":16,"column":0},"end":{"line":16,"column":11}},"16":{"start":{"line":17,"column":0},"end":{"line":17,"column":10}},"17":{"start":{"line":18,"column":0},"end":{"line":18,"column":7}},"18":{"start":{"line":19,"column":0},"end":{"line":19,"column":10}},"19":{"start":{"line":20,"column":0},"end":{"line":20,"column":7}},"20":{"start":{"line":21,"column":0},"end":{"line":21,"column":39}},"21":{"start":{"line":22,"column":0},"end":{"line":22,"column":0}},"22":{"start":{"line":23,"column":0},"end":{"line":23,"column":25}},"23":{"start":{"line":24,"column":0},"end":{"line":24,"column":37}},"24":{"start":{"line":25,"column":0},"end":{"line":25,"column":3}},"25":{"start":{"line":26,"column":0},"end":{"line":26,"column":0}},"26":{"start":{"line":27,"column":0},"end":{"line":27,"column":10}},"27":{"start":{"line":28,"column":0},"end":{"line":28,"column":50}},"28":{"start":{"line":29,"column":0},"end":{"line":29,"column":45}},"29":{"start":{"line":30,"column":0},"end":{"line":30,"column":40}},"30":{"start":{"line":31,"column":0},"end":{"line":31,"column":25}},"31":{"start":{"line":32,"column":0},"end":{"line":32,"column":13}},"32":{"start":{"line":33,"column":0},"end":{"line":33,"column":4}},"33":{"start":{"line":34,"column":0},"end":{"line":34,"column":2}},"34":{"start":{"line":35,"column":0},"end":{"line":35,"column":0}},"35":{"start":{"line":36,"column":0},"end":{"line":36,"column":22}}},"s":{"0":1,"1":1,"2":1,"3":1,"4":1,"5":1,"6":1,"7":1,"8":1,"9":1,"10":1,"11":1,"12":1,"13":9,"14":9,"15":9,"16":9,"17":9,"18":9,"19":9,"20":9,"21":9,"22":9,"23":1,"24":1,"25":9,"26":9,"27":9,"28":9,"29":9,"30":9,"31":9,"32":9,"33":9,"34":1,"35":1},"branchMap":{"0":{"type":"branch","line":13,"loc":{"start":{"line":13,"column":38},"end":{"line":34,"column":2}},"locations":[{"start":{"line":13,"column":38},"end":{"line":34,"column":2}}]},"1":{"type":"branch","line":23,"loc":{"start":{"line":23,"column":24},"end":{"line":25,"column":3}},"locations":[{"start":{"line":23,"column":24},"end":{"line":25,"column":3}}]},"2":{"type":"branch","line":29,"loc":{"start":{"line":29,"column":13},"end":{"line":29,"column":35}},"locations":[{"start":{"line":29,"column":13},"end":{"line":29,"column":35}}]},"3":{"type":"branch","line":29,"loc":{"start":{"line":29,"column":23},"end":{"line":29,"column":38}},"locations":[{"start":{"line":29,"column":23},"end":{"line":29,"column":38}}]},"4":{"type":"branch","line":30,"loc":{"start":{"line":30,"column":13},"end":{"line":30,"column":33}},"locations":[{"start":{"line":30,"column":13},"end":{"line":30,"column":33}}]}},"b":{"0":[9],"1":[1],"2":[1],"3":[8],"4":[8]},"fnMap":{"0":{"name":"Button","decl":{"start":{"line":13,"column":38},"end":{"line":34,"column":2}},"loc":{"start":{"line":13,"column":38},"end":{"line":34,"column":2}},"line":13}},"f":{"0":9}}
,"/Users/songxiaopeng/Desktop/web/third-lib/react-test-demo/src/components/button/hooks/useTimeout.ts": {"path":"/Users/songxiaopeng/Desktop/web/third-lib/react-test-demo/src/components/button/hooks/useTimeout.ts","all":false,"statementMap":{"0":{"start":{"line":1,"column":0},"end":{"line":1,"column":44}},"1":{"start":{"line":2,"column":0},"end":{"line":2,"column":0}},"2":{"start":{"line":3,"column":0},"end":{"line":3,"column":54}},"3":{"start":{"line":4,"column":0},"end":{"line":4,"column":39}},"4":{"start":{"line":5,"column":0},"end":{"line":5,"column":0}},"5":{"start":{"line":6,"column":0},"end":{"line":6,"column":19}},"6":{"start":{"line":7,"column":0},"end":{"line":7,"column":18}},"7":{"start":{"line":8,"column":0},"end":{"line":8,"column":24}},"8":{"start":{"line":9,"column":0},"end":{"line":9,"column":29}},"9":{"start":{"line":10,"column":0},"end":{"line":10,"column":18}},"10":{"start":{"line":11,"column":0},"end":{"line":11,"column":5}},"11":{"start":{"line":12,"column":0},"end":{"line":12,"column":16}},"12":{"start":{"line":13,"column":0},"end":{"line":13,"column":0}},"13":{"start":{"line":14,"column":0},"end":{"line":14,"column":18}},"14":{"start":{"line":15,"column":0},"end":{"line":15,"column":1}}},"s":{"0":1,"1":1,"2":11,"3":11,"4":11,"5":11,"6":8,"7":1,"8":1,"9":1,"10":1,"11":11,"12":11,"13":11,"14":11},"branchMap":{"0":{"type":"branch","line":3,"loc":{"start":{"line":3,"column":0},"end":{"line":15,"column":1}},"locations":[{"start":{"line":3,"column":0},"end":{"line":15,"column":1}}]},"1":{"type":"branch","line":6,"loc":{"start":{"line":6,"column":12},"end":{"line":12,"column":5}},"locations":[{"start":{"line":6,"column":12},"end":{"line":12,"column":5}}]},"2":{"type":"branch","line":7,"loc":{"start":{"line":7,"column":17},"end":{"line":11,"column":5}},"locations":[{"start":{"line":7,"column":17},"end":{"line":11,"column":5}}]},"3":{"type":"branch","line":8,"loc":{"start":{"line":8,"column":17},"end":{"line":10,"column":9}},"locations":[{"start":{"line":8,"column":17},"end":{"line":10,"column":9}}]}},"b":{"0":[11],"1":[8],"2":[1],"3":[1]},"fnMap":{"0":{"name":"useTimeout","decl":{"start":{"line":3,"column":0},"end":{"line":15,"column":1}},"loc":{"start":{"line":3,"column":0},"end":{"line":15,"column":1}},"line":3}},"f":{"0":11}}
}
